<?xml version="1.0" encoding="utf-8"?><testsuites name="pytest tests"><testsuite name="pytest" errors="0" failures="0" skipped="0" tests="8" time="6.078" timestamp="2026-04-21T23:13:15.436707+00:00" hostname="agent-env-a70c6e8c-b2f4-4b3b-b992-5fdaedcd280f"><testcase classname="backend.tests.test_child_character.TestPipelineConfigRegression" name="test_pipeline_config_lists_child_character_i2i" time="0.638" /><testcase classname="backend.tests.test_child_character.TestPipelineConfigRegression" name="test_pipeline_toggle_persists" time="0.539" /><testcase classname="backend.tests.test_child_character.TestChildCharacterEndpoints" name="test_get_child_character_schema" time="0.406" /><testcase classname="backend.tests.test_child_character.TestChildCharacterEndpoints" name="test_get_child_character_404_for_unknown_order" time="0.124" /><testcase classname="backend.tests.test_child_character.TestChildCharacterEndpoints" name="test_regenerate_returns_ok_queued_when_disabled" time="2.590" /><testcase classname="backend.tests.test_child_character.TestChildCharacterEndpoints" name="test_regenerate_creates_completed_asset_when_enabled" time="1.084" /><testcase classname="backend.tests.test_child_character.TestChildCharacterEndpoints" name="test_regenerate_idempotent" time="0.320" /><testcase classname="backend.tests.test_child_character.TestMediaRegression" name="test_media_endpoint_unaffected" time="0.292" /></testsuite></testsuites>