<?xml version="1.0" encoding="utf-8"?><testsuites name="pytest tests"><testsuite name="pytest" errors="0" failures="0" skipped="0" tests="10" time="2.505" timestamp="2026-04-26T23:56:47.930876+00:00" hostname="agent-env-a70c6e8c-b2f4-4b3b-b992-5fdaedcd280f"><testcase classname="backend.tests.test_phase_k_api" name="test_stage_control_state_returns_11_stages" time="0.540" /><testcase classname="backend.tests.test_phase_k_api" name="test_patch_narration_persists" time="0.494" /><testcase classname="backend.tests.test_phase_k_api" name="test_patch_invalid_provider_returns_400" time="0.116" /><testcase classname="backend.tests.test_phase_k_api" name="test_reset_narration_returns_defaults" time="0.240" /><testcase classname="backend.tests.test_phase_k_api" name="test_lab_run_narration_requires_cost_ack" time="0.122" /><testcase classname="backend.tests.test_phase_k_api" name="test_lab_run_narration_with_ack_succeeds_with_mock_fallback" time="0.352" /><testcase classname="backend.tests.test_phase_k_api" name="test_pipeline_readiness_exposes_new_flags" time="0.133" /><testcase classname="backend.tests.test_phase_k_api" name="test_lab_stages_narration_executor_status_promoted" time="0.124" /><testcase classname="backend.tests.test_phase_k_api" name="test_secrets_status_has_elevenlabs_entry" time="0.123" /><testcase classname="backend.tests.test_phase_k_api" name="test_pricing_config_narration_and_video_music" time="0.178" /></testsuite></testsuites>