<?xml version="1.0" encoding="utf-8"?><testsuites name="pytest tests"><testsuite name="pytest" errors="0" failures="2" skipped="0" tests="52" time="9.719" timestamp="2026-04-28T21:00:44.120433+00:00" hostname="agent-env-a70c6e8c-b2f4-4b3b-b992-5fdaedcd280f"><testcase classname="backend.tests.test_phase_n_provider_matrix" name="test_default_models_matches_user_matrix" time="0.000" /><testcase classname="backend.tests.test_phase_n_provider_matrix" name="test_provider_env_map_covers_new_keys" time="0.000" /><testcase classname="backend.tests.test_phase_n_provider_matrix" name="test_provider_tests_include_all_4_capabilities" time="0.000" /><testcase classname="backend.tests.test_phase_n_provider_matrix" name="test_narration_provider_registry_includes_fal_tts" time="0.000" /><testcase classname="backend.tests.test_phase_n_provider_matrix" name="test_music_provider_registry_includes_fal_music" time="0.000" /><testcase classname="backend.tests.test_phase_n_provider_matrix" name="test_default_voice_is_phase_n_arabic_friendly" time="0.000" /><testcase classname="backend.tests.test_phase_n_provider_matrix" name="test_default_kling_model_is_v3_pro" time="0.000" /><testcase classname="backend.tests.test_phase_n_provider_matrix" name="test_default_music_model_is_fal_elevenlabs" time="0.000" /><testcase classname="backend.tests.test_phase_n_provider_matrix" name="test_fal_capability_test_fns_fall_back_safely" time="0.357" /><testcase classname="backend.tests.test_phase_n_provider_matrix" name="test_video_adapter_uses_fal_key_video_first" time="0.001" /><testcase classname="backend.tests.test_phase_n_smart_narration" name="test_default_voice_settings_shape" time="0.000" /><testcase classname="backend.tests.test_phase_n_smart_narration" name="test_heuristic_clamps_and_tone_mapping_calm" time="0.000" /><testcase classname="backend.tests.test_phase_n_smart_narration" name="test_heuristic_arabic_tone_excited" time="0.000" /><testcase classname="backend.tests.test_phase_n_smart_narration" name="test_heuristic_audio_bg_none_slows_speed" time="0.000" /><testcase classname="backend.tests.test_phase_n_smart_narration" name="test_heuristic_long_text_bumps_stability" time="0.000" /><testcase classname="backend.tests.test_phase_n_smart_narration" name="test_public_entry_disabled_returns_heuristic" time="0.000" /><testcase classname="backend.tests.test_phase_n_smart_narration" name="test_public_entry_missing_llm_key_falls_back_to_heuristic" time="3.913" /><testcase classname="backend.tests.test_phase_n_smart_narration" name="test_clamp_out_of_range_values" time="0.000" /><testcase classname="backend.tests.test_phase_n_smart_narration" name="test_strip_to_json_extracts_json_from_noise" time="0.000" /><testcase classname="backend.tests.test_phase_n_storyboard_regression" name="test_video_prompt_extracts_string_value" time="0.000" /><testcase classname="backend.tests.test_phase_n_storyboard_regression" name="test_video_prompt_extracts_dict_value" time="0.000" /><testcase classname="backend.tests.test_phase_n_storyboard_regression" name="test_video_prompt_handles_empty_or_missing" time="0.000" /><testcase classname="backend.tests.test_phase_n_storyboard_regression" name="test_video_prompt_truncates_long_strings" time="0.000" /><testcase classname="backend.tests.test_phase_n_storyboard_regression" name="test_flatten_prompt_field_handles_all_shapes" time="0.000" /><testcase classname="backend.tests.test_phase_n_storyboard_regression" name="test_safe_dict_storyboard_helper" time="0.000" /><testcase classname="backend.tests.test_phase_n_storyboard_regression" name="test_orchestrator_safe_dict_helper_matches" time="0.000" /><testcase classname="backend.tests.test_phase_n_storyboard_regression" name="test_orchestrator_safe_dict_or_str_preserves_string" time="0.000" /><testcase classname="backend.tests.test_phase_n_fal_video_flow" name="test_app_prefix_strips_versioned_kling_slug" time="0.000" /><testcase classname="backend.tests.test_phase_n_fal_video_flow" name="test_app_prefix_handles_simple_two_part_slugs" time="0.000" /><testcase classname="backend.tests.test_phase_n_fal_video_flow" name="test_app_prefix_handles_edge_cases" time="0.000" /><testcase classname="backend.tests.test_phase_n_fal_video_flow" name="test_extract_video_dict_shape" time="0.000" /><testcase classname="backend.tests.test_phase_n_fal_video_flow" name="test_extract_video_string_shape" time="0.000" /><testcase classname="backend.tests.test_phase_n_fal_video_flow" name="test_extract_output_video_shape" time="0.000" /><testcase classname="backend.tests.test_phase_n_fal_video_flow" name="test_extract_video_url_legacy_field" time="0.000" /><testcase classname="backend.tests.test_phase_n_fal_video_flow" name="test_extract_files_array_with_mp4" time="0.000" /><testcase classname="backend.tests.test_phase_n_fal_video_flow" name="test_extract_returns_none_on_garbage" time="0.000" /><testcase classname="backend.tests.test_phase_n_fal_video_flow" name="test_extract_skips_non_video_files" time="0.000" /><testcase classname="backend.tests.test_phase_n_strict2d_prompts" name="test_admin_can_list_all_prompt_templates" time="0.513" /><testcase classname="backend.tests.test_phase_n_strict2d_prompts" name="test_strict_2d_template_active_for_each_stage[child_character_i2i]" time="0.124" /><testcase classname="backend.tests.test_phase_n_strict2d_prompts" name="test_strict_2d_template_active_for_each_stage[extra_character_i2i]" time="0.159" /><testcase classname="backend.tests.test_phase_n_strict2d_prompts" name="test_strict_2d_template_active_for_each_stage[scene_image_generation]" time="0.114" /><testcase classname="backend.tests.test_phase_n_strict2d_prompts" name="test_strict_2d_template_active_for_each_stage[book_page_image_generation]" time="0.141" /><testcase classname="backend.tests.test_phase_n_strict2d_prompts" name="test_strict_2d_template_active_for_each_stage[video_generation]" time="0.129"><failure message="AssertionError: video_generation v5: missing canonical strict-2D phrase. First 200 chars: &quot;STRICT STYLE — preserve the soft pastel 2D children's storybook cartoon style of the input image. The output video clip MUST stay in 2D illustrated / animated style — do NOT morph into photorealism, d&quot;&#10;assert 'STRICT STYLE — soft pastel 2D' in &quot;STRICT STYLE — preserve the soft pastel 2D children's storybook cartoon style of the input image. The output video clip MUST stay in 2D illustrated / animated style — do NOT morph into photorealism, do NOT add live-action faces, do NOT change the character identity, outfit, or scene composition. Keep the same cartoon character from the input frame consistent in face, hair, and outfit throughout the clip.\n\nChildren's storybook scene $scene_index, $estimated_duration_seconds-second cinematic shot for ages 3-9. Subject: $scene_title. Visual: $visual_description. Camera/motion: $camera_motion_hint. Mood: $emotional_tone. Style: $art_direction, warm pastel tones, soft lighting, child-safe, no text overlay.\n\nMotion: gentle child-safe motion only — slow camera dolly/parallax, subtle character expression changes, ambient micro-motion (sparkles, leaves, fabric drift). Avoid fast cuts, harsh whips, action-movie motion, or realistic physical impact. Per-scene cue: $video_prompt.\n\nFORBIDDEN: photorealism, live-action, semi-real human rendering, 3D-CGI photo realism, realistic skin pores, photographic lighting.&quot;">backend/tests/test_phase_n_strict2d_prompts.py:77: in test_strict_2d_template_active_for_each_stage
    assert "STRICT STYLE — soft pastel 2D" in text, (
E   AssertionError: video_generation v5: missing canonical strict-2D phrase. First 200 chars: "STRICT STYLE — preserve the soft pastel 2D children's storybook cartoon style of the input image. The output video clip MUST stay in 2D illustrated / animated style — do NOT morph into photorealism, d"
E   assert 'STRICT STYLE — soft pastel 2D' in "STRICT STYLE — preserve the soft pastel 2D children's storybook cartoon style of the input image. The output video clip MUST stay in 2D illustrated / animated style — do NOT morph into photorealism, do NOT add live-action faces, do NOT change the character identity, outfit, or scene composition. Keep the same cartoon character from the input frame consistent in face, hair, and outfit throughout the clip.\n\nChildren's storybook scene $scene_index, $estimated_duration_seconds-second cinematic shot for ages 3-9. Subject: $scene_title. Visual: $visual_description. Camera/motion: $camera_motion_hint. Mood: $emotional_tone. Style: $art_direction, warm pastel tones, soft lighting, child-safe, no text overlay.\n\nMotion: gentle child-safe motion only — slow camera dolly/parallax, subtle character expression changes, ambient micro-motion (sparkles, leaves, fabric drift). Avoid fast cuts, harsh whips, action-movie motion, or realistic physical impact. Per-scene cue: $video_prompt.\n\nFORBIDDEN: photorealism, live-action, semi-real human rendering, 3D-CGI photo realism, realistic skin pores, photographic lighting."</failure></testcase><testcase classname="backend.tests.test_phase_n_strict2d_prompts" name="test_strict_2d_summary_table" time="0.595"><failure message="assert False&#10; +  where False = all(&lt;generator object test_strict_2d_summary_table.&lt;locals&gt;.&lt;genexpr&gt; at 0xfbbc3e29d560&gt;)">backend/tests/test_phase_n_strict2d_prompts.py:106: in test_strict_2d_summary_table
    assert all(r["has_strict_phrase"] and r["has_forbidden_guard"] for r in summary)
E   assert False
E    +  where False = all(&lt;generator object test_strict_2d_summary_table.&lt;locals&gt;.&lt;genexpr&gt; at 0xfbbc3e29d560&gt;)</failure></testcase><testcase classname="backend.tests.test_phase_n_strict2d_prompts" name="test_post_new_prompt_template_creates_inactive_version" time="0.246" /><testcase classname="backend.tests.test_phase_n_video_recovery" name="test_recovery_endpoint_rejects_unauthenticated" time="0.122" /><testcase classname="backend.tests.test_phase_n_video_recovery" name="test_listing_endpoint_rejects_unauthenticated" time="0.164" /><testcase classname="backend.tests.test_phase_n_video_recovery" name="test_recovery_missing_order_returns_404" time="0.461" /><testcase classname="backend.tests.test_phase_n_video_recovery" name="test_recovery_bogus_request_id_returns_200_ok_false" time="0.207" /><testcase classname="backend.tests.test_phase_n_video_recovery" name="test_recovery_already_imported_returns_already_imported" time="0.263" /><testcase classname="backend.tests.test_phase_n_video_recovery" name="test_listing_returns_recovery_metadata" time="0.108" /><testcase classname="backend.tests.test_phase_n_video_recovery" name="test_recovered_order_has_5_imported_clips" time="0.123" /></testsuite></testsuites>