<?xml version="1.0" encoding="utf-8"?><testsuites name="pytest tests"><testsuite name="pytest" errors="0" failures="0" skipped="0" tests="13" time="1.337" timestamp="2026-04-26T21:37:19.514466+00:00" hostname="agent-env-a70c6e8c-b2f4-4b3b-b992-5fdaedcd280f"><testcase classname="tests.test_phase_e_api.TestStoryboardSceneReferences" name="test_legacy_order_storyboard_200" time="0.569" /><testcase classname="tests.test_phase_e_api.TestStoryboardSceneReferences" name="test_legacy_order_aggregate_fields_present" time="0.066" /><testcase classname="tests.test_phase_e_api.TestStoryboardSceneReferences" name="test_legacy_per_scene_references_defaults" time="0.069" /><testcase classname="tests.test_phase_e_api.TestStoryboardSceneReferences" name="test_ref_order_storyboard_200_and_aggregate" time="0.071" /><testcase classname="tests.test_phase_e_api.TestLabSceneImageDryRun" name="test_dry_run_with_order_returns_reference_dry_run" time="0.053" /><testcase classname="tests.test_phase_e_api.TestLabSceneImageDryRun" name="test_dry_run_without_order_id_no_reference_dry_run" time="0.049" /><testcase classname="tests.test_phase_e_api.TestPricingSceneReferenceInjection" name="test_legacy_actual_no_scene_reference_injection" time="0.057" /><testcase classname="tests.test_phase_e_api.TestPricingSceneReferenceInjection" name="test_pricing_get_returns_snapshot_actual_after_post" time="0.058" /><testcase classname="tests.test_phase_e_api.TestRegression" name="test_lab_stages_returns_seven" time="0.049" /><testcase classname="tests.test_phase_e_api.TestRegression" name="test_storyboard_has_nine_stages" time="0.066" /><testcase classname="tests.test_phase_e_api.TestRegression" name="test_other_preview_only_stages_unchanged[narration_generation]" time="0.049" /><testcase classname="tests.test_phase_e_api.TestRegression" name="test_other_preview_only_stages_unchanged[video_generation]" time="0.050" /><testcase classname="tests.test_phase_e_api.TestRegression" name="test_other_preview_only_stages_unchanged[music_generation]" time="0.048" /></testsuite></testsuites>