<?xml version="1.0" encoding="utf-8"?><testsuites name="pytest tests"><testsuite name="pytest" errors="0" failures="0" skipped="0" tests="49" time="5.290" timestamp="2026-04-27T11:55:44.752225+00:00" hostname="agent-env-a70c6e8c-b2f4-4b3b-b992-5fdaedcd280f"><testcase classname="tests.test_phase_m_api" name="test_stage_control_state_music_defaults" time="0.489" /><testcase classname="tests.test_phase_m_api" name="test_stage_control_state_music_row" time="0.056" /><testcase classname="tests.test_phase_m_api" name="test_lab_music_requires_cost_ack" time="0.052" /><testcase classname="tests.test_phase_m_api" name="test_lab_music_mode_music_skips_when_keyless" time="0.057" /><testcase classname="tests.test_phase_m_api" name="test_lab_music_mode_human_rhythm" time="0.051" /><testcase classname="tests.test_phase_m_api" name="test_lab_music_mode_none_records_skip" time="0.055" /><testcase classname="tests.test_phase_m_api" name="test_secrets_test_elevenlabs_music_no_key" time="0.053" /><testcase classname="tests.test_phase_m_api" name="test_secrets_status_elevenlabs_label" time="0.050" /><testcase classname="tests.test_phase_m_api" name="test_patch_music_then_reset" time="0.247" /><testcase classname="tests.test_phase_m_api" name="test_pricing_music_generation_present" time="0.054" /><testcase classname="tests.test_phase_m_api" name="test_storyboard_has_11_stages_with_music_and_video" time="0.236" /><testcase classname="tests.test_phase_m_api" name="test_storyboard_music_and_video_stage_shape" time="0.175" /><testcase classname="tests.test_phase_m_api" name="test_secrets_status_has_fal_key" time="0.057" /><testcase classname="tests.test_phase_m_music_storyboard" name="test_default_music_model_is_elevenlabs_v1" time="0.000" /><testcase classname="tests.test_phase_m_music_storyboard" name="test_clip_duration_is_bounded" time="0.000" /><testcase classname="tests.test_phase_m_music_storyboard" name="test_build_prompt_music_mode_avoids_vocals" time="0.000" /><testcase classname="tests.test_phase_m_music_storyboard" name="test_build_prompt_human_rhythm_is_prompt_biased" time="0.000" /><testcase classname="tests.test_phase_m_music_storyboard" name="test_generate_music_none_mode_returns_skip" time="0.000" /><testcase classname="tests.test_phase_m_music_storyboard" name="test_generate_music_without_key_records_missing_key" time="0.004" /><testcase classname="tests.test_phase_m_music_storyboard" name="test_music_real_call_available_no_raise" time="0.001" /><testcase classname="tests.test_phase_m_music_storyboard" name="test_mock_music_provider_meta" time="0.000" /><testcase classname="tests.test_phase_m_music_storyboard" name="test_suno_stub_safe" time="0.000" /><testcase classname="tests.test_phase_m_music_storyboard" name="test_default_models_music_generation_is_elevenlabs" time="0.000" /><testcase classname="tests.test_phase_m_music_storyboard" name="test_music_executor_status_promoted" time="0.000" /><testcase classname="tests.test_phase_m_music_storyboard" name="test_music_in_real_call_stages" time="0.000" /><testcase classname="tests.test_phase_m_music_storyboard" name="test_pricing_includes_music_generation" time="0.001" /><testcase classname="tests.test_phase_m_music_storyboard" name="test_stage_control_music_provider_choices" time="0.000" /><testcase classname="tests.test_phase_m_music_storyboard" name="test_provider_test_registry_includes_elevenlabs_music" time="0.000" /><testcase classname="tests.test_phase_m_music_storyboard" name="test_elevenlabs_music_test_returns_meta_when_key_missing" time="0.000" /><testcase classname="tests.test_phase_l_api" name="test_stage_control_state_video_defaults" time="0.438" /><testcase classname="tests.test_phase_l_api" name="test_stage_control_state_video_row" time="0.050" /><testcase classname="tests.test_phase_l_api" name="test_secrets_status_includes_fal_key" time="0.058" /><testcase classname="tests.test_phase_l_api" name="test_secrets_test_fal_no_key" time="0.049" /><testcase classname="tests.test_phase_l_api" name="test_patch_video_then_reset" time="0.194" /><testcase classname="tests.test_phase_l_api" name="test_lab_run_video_requires_cost_ack" time="0.046" /><testcase classname="tests.test_phase_l_api" name="test_lab_run_video_with_ack_falls_back_to_mock" time="0.045" /><testcase classname="tests.test_phase_l_api" name="test_pipeline_readiness_video_flags" time="0.055" /><testcase classname="tests.test_phase_l_api" name="test_pricing_video_per_model" time="0.048" /><testcase classname="tests.test_phase_l_api" name="test_admin_routes_load" time="0.255" /><testcase classname="tests.test_phase_k_api" name="test_stage_control_state_returns_11_stages" time="0.456" /><testcase classname="tests.test_phase_k_api" name="test_patch_narration_persists" time="0.246" /><testcase classname="tests.test_phase_k_api" name="test_patch_invalid_provider_returns_400" time="0.104" /><testcase classname="tests.test_phase_k_api" name="test_reset_narration_returns_defaults" time="0.259" /><testcase classname="tests.test_phase_k_api" name="test_lab_run_narration_requires_cost_ack" time="0.122" /><testcase classname="tests.test_phase_k_api" name="test_lab_run_narration_with_ack_succeeds_with_mock_fallback" time="0.367" /><testcase classname="tests.test_phase_k_api" name="test_pipeline_readiness_exposes_new_flags" time="0.113" /><testcase classname="tests.test_phase_k_api" name="test_lab_stages_narration_executor_status_promoted" time="0.108" /><testcase classname="tests.test_phase_k_api" name="test_secrets_status_has_elevenlabs_entry" time="0.124" /><testcase classname="tests.test_phase_k_api" name="test_pricing_config_narration_and_video_music" time="0.113" /></testsuite></testsuites>