<?xml version="1.0" encoding="utf-8"?><testsuites name="pytest tests"><testsuite name="pytest" errors="0" failures="0" skipped="1" tests="28" time="9.081" timestamp="2026-04-27T22:38:36.507270+00:00" hostname="agent-env-a70c6e8c-b2f4-4b3b-b992-5fdaedcd280f"><testcase classname="tests.test_phase_n_api" name="test_stage_control_state_matrix_matches_phase_n" time="0.576" /><testcase classname="tests.test_phase_n_api" name="test_pipeline_readiness_11_stages_integrity" time="0.133" /><testcase classname="tests.test_phase_n_api" name="test_secrets_status_includes_four_new_fal_keys" time="0.122" /><testcase classname="tests.test_phase_n_api" name="test_secrets_test_endpoint_graceful_missing_key[fal_scene]" time="0.122" /><testcase classname="tests.test_phase_n_api" name="test_secrets_test_endpoint_graceful_missing_key[fal_narration]" time="0.121" /><testcase classname="tests.test_phase_n_api" name="test_secrets_test_endpoint_graceful_missing_key[fal_music]" time="0.126" /><testcase classname="tests.test_phase_n_api" name="test_secrets_test_endpoint_graceful_missing_key[fal_video]" time="0.112" /><testcase classname="tests.test_phase_n_api" name="test_stage_control_rejects_non_admin" time="0.136"><skipped type="pytest.skip" message="cannot create non-admin user: 422 {&quot;detail&quot;:[{&quot;type&quot;:&quot;missing&quot;,&quot;loc&quot;:[&quot;body&quot;,&quot;full_name&quot;],&quot;msg&quot;:&quot;Field required&quot;,&quot;input&quot;:{&quot;email&quot;:&quot;phase_n_user_4bfcaf0d@t">/app/backend/tests/test_phase_n_api.py:129: cannot create non-admin user: 422 {"detail":[{"type":"missing","loc":["body","full_name"],"msg":"Field required","input":{"email":"phase_n_user_4bfcaf0d@t</skipped></testcase><testcase classname="tests.test_phase_n_api" name="test_secrets_status_rejects_unauth" time="0.173" /><testcase classname="tests.test_phase_n_provider_matrix" name="test_default_models_matches_user_matrix" time="0.000" /><testcase classname="tests.test_phase_n_provider_matrix" name="test_provider_env_map_covers_new_keys" time="0.000" /><testcase classname="tests.test_phase_n_provider_matrix" name="test_provider_tests_include_all_4_capabilities" time="0.000" /><testcase classname="tests.test_phase_n_provider_matrix" name="test_narration_provider_registry_includes_fal_tts" time="0.000" /><testcase classname="tests.test_phase_n_provider_matrix" name="test_music_provider_registry_includes_fal_music" time="0.000" /><testcase classname="tests.test_phase_n_provider_matrix" name="test_default_voice_is_phase_n_arabic_friendly" time="0.000" /><testcase classname="tests.test_phase_n_provider_matrix" name="test_default_kling_model_is_v3_pro" time="0.000" /><testcase classname="tests.test_phase_n_provider_matrix" name="test_default_music_model_is_fal_elevenlabs" time="0.000" /><testcase classname="tests.test_phase_n_provider_matrix" name="test_fal_capability_test_fns_fall_back_safely" time="0.007" /><testcase classname="tests.test_phase_n_provider_matrix" name="test_video_adapter_uses_fal_key_video_first" time="0.001" /><testcase classname="tests.test_phase_n_smart_narration" name="test_default_voice_settings_shape" time="0.000" /><testcase classname="tests.test_phase_n_smart_narration" name="test_heuristic_clamps_and_tone_mapping_calm" time="0.000" /><testcase classname="tests.test_phase_n_smart_narration" name="test_heuristic_arabic_tone_excited" time="0.000" /><testcase classname="tests.test_phase_n_smart_narration" name="test_heuristic_audio_bg_none_slows_speed" time="0.000" /><testcase classname="tests.test_phase_n_smart_narration" name="test_heuristic_long_text_bumps_stability" time="0.000" /><testcase classname="tests.test_phase_n_smart_narration" name="test_public_entry_disabled_returns_heuristic" time="0.000" /><testcase classname="tests.test_phase_n_smart_narration" name="test_public_entry_missing_llm_key_falls_back_to_heuristic" time="7.221" /><testcase classname="tests.test_phase_n_smart_narration" name="test_clamp_out_of_range_values" time="0.000" /><testcase classname="tests.test_phase_n_smart_narration" name="test_strip_to_json_extracts_json_from_noise" time="0.000" /></testsuite></testsuites>