<?xml version="1.0" encoding="utf-8"?><testsuites name="pytest tests"><testsuite name="pytest" errors="0" failures="0" skipped="0" tests="10" time="1.755" timestamp="2026-04-27T00:29:42.615711+00:00" hostname="agent-env-a70c6e8c-b2f4-4b3b-b992-5fdaedcd280f"><testcase classname="tests.test_phase_l_api" name="test_stage_control_state_video_defaults" time="0.886" /><testcase classname="tests.test_phase_l_api" name="test_stage_control_state_video_row" time="0.052" /><testcase classname="tests.test_phase_l_api" name="test_secrets_status_includes_fal_key" time="0.048" /><testcase classname="tests.test_phase_l_api" name="test_secrets_test_fal_no_key" time="0.049" /><testcase classname="tests.test_phase_l_api" name="test_patch_video_then_reset" time="0.195" /><testcase classname="tests.test_phase_l_api" name="test_lab_run_video_requires_cost_ack" time="0.049" /><testcase classname="tests.test_phase_l_api" name="test_lab_run_video_with_ack_falls_back_to_mock" time="0.054" /><testcase classname="tests.test_phase_l_api" name="test_pipeline_readiness_video_flags" time="0.049" /><testcase classname="tests.test_phase_l_api" name="test_pricing_video_per_model" time="0.045" /><testcase classname="tests.test_phase_l_api" name="test_admin_routes_load" time="0.243" /></testsuite></testsuites>