<?xml version="1.0" encoding="utf-8"?><testsuites name="pytest tests"><testsuite name="pytest" errors="0" failures="0" skipped="0" tests="33" time="6.474" timestamp="2026-04-20T20:09:41.611504+00:00" hostname="agent-env-a70c6e8c-b2f4-4b3b-b992-5fdaedcd280f"><testcase classname="backend.tests.backend_test.TestHealth" name="test_root_health" time="0.186" /><testcase classname="backend.tests.backend_test.TestPublicSeed" name="test_categories_seeded" time="0.056" /><testcase classname="backend.tests.backend_test.TestPublicSeed" name="test_styles_seeded" time="0.058" /><testcase classname="backend.tests.backend_test.TestPublicSeed" name="test_content_has_hero_title" time="0.055" /><testcase classname="backend.tests.backend_test.TestPublicSeed" name="test_plans_seeded" time="0.049" /><testcase classname="backend.tests.backend_test.TestPublicSeed" name="test_settings_returns_dict" time="0.050" /><testcase classname="backend.tests.backend_test.TestAuth" name="test_register_new_user" time="0.330" /><testcase classname="backend.tests.backend_test.TestAuth" name="test_register_duplicate_email" time="0.051" /><testcase classname="backend.tests.backend_test.TestAuth" name="test_login_admin" time="0.340" /><testcase classname="backend.tests.backend_test.TestAuth" name="test_login_wrong_password" time="0.290" /><testcase classname="backend.tests.backend_test.TestAuth" name="test_me_without_token" time="0.161" /><testcase classname="backend.tests.backend_test.TestAuth" name="test_change_password_wrong_current" time="0.275" /><testcase classname="backend.tests.backend_test.TestAuth" name="test_change_password_success_then_revert" time="1.266" /><testcase classname="backend.tests.backend_test.TestOrders" name="test_create_order_has_ai_prompt_with_child_name" time="0.177" /><testcase classname="backend.tests.backend_test.TestOrders" name="test_list_my_orders_enriched" time="0.059" /><testcase classname="backend.tests.backend_test.TestOrders" name="test_get_order_detail_owner" time="0.052" /><testcase classname="backend.tests.backend_test.TestOrders" name="test_get_order_detail_other_user_404" time="0.325" /><testcase classname="backend.tests.backend_test.TestAdminGuard" name="test_user_forbidden_on_admin" time="0.050" /><testcase classname="backend.tests.backend_test.TestAdminGuard" name="test_admin_stats_ok" time="0.066" /><testcase classname="backend.tests.backend_test.TestAdminOrders" name="test_list_orders_enriched" time="0.057" /><testcase classname="backend.tests.backend_test.TestAdminOrders" name="test_status_workflow[pending]" time="0.117" /><testcase classname="backend.tests.backend_test.TestAdminOrders" name="test_status_workflow[in_review]" time="0.101" /><testcase classname="backend.tests.backend_test.TestAdminOrders" name="test_status_workflow[ready_for_ai]" time="0.103" /><testcase classname="backend.tests.backend_test.TestAdminOrders" name="test_status_workflow[generating]" time="0.124" /><testcase classname="backend.tests.backend_test.TestAdminOrders" name="test_status_workflow[completed]" time="0.108" /><testcase classname="backend.tests.backend_test.TestAdminCategoriesCRUD" name="test_full_cycle_and_slug_uniqueness" time="0.264" /><testcase classname="backend.tests.backend_test.TestAdminSubcategoriesCRUD" name="test_full_cycle" time="0.152" /><testcase classname="backend.tests.backend_test.TestAdminStylesCRUD" name="test_full_cycle" time="0.152" /><testcase classname="backend.tests.backend_test.TestAdminContent" name="test_upsert_reflects_in_public" time="0.154" /><testcase classname="backend.tests.backend_test.TestAdminPromptsCRUD" name="test_full_cycle_with_uniqueness" time="0.203" /><testcase classname="backend.tests.backend_test.TestAdminPlansCRUD" name="test_full_cycle" time="0.164" /><testcase classname="backend.tests.backend_test.TestAdminSettings" name="test_upsert_reflects_in_public" time="0.101" /><testcase classname="backend.tests.backend_test.TestAdminUsers" name="test_toggle_is_active_and_role" time="0.658" /></testsuite></testsuites>