<?xml version="1.0" encoding="utf-8"?><testsuites name="pytest tests"><testsuite name="pytest" errors="0" failures="0" skipped="0" tests="17" time="1440.506" timestamp="2026-04-20T22:15:03.954103+00:00" hostname="agent-env-a70c6e8c-b2f4-4b3b-b992-5fdaedcd280f"><testcase classname="backend.tests.backend_test" name="test_p4_duration_default_90" time="1.129" /><testcase classname="backend.tests.backend_test" name="test_p4_duration_snap_points[30-30 \u062b\u0627\u0646\u064a\u0629-3-low]" time="31.447" /><testcase classname="backend.tests.backend_test" name="test_p4_duration_snap_points[45-45 \u062b\u0627\u0646\u064a\u0629-4-low]" time="25.368" /><testcase classname="backend.tests.backend_test" name="test_p4_duration_snap_points[60-\u062f\u0642\u064a\u0642\u0629-5-medium]" time="32.139" /><testcase classname="backend.tests.backend_test" name="test_p4_duration_snap_points[90-\u062f\u0642\u064a\u0642\u0629 \u0648\u0646\u0635\u0641-6-medium]" time="24.832" /><testcase classname="backend.tests.backend_test" name="test_p4_duration_snap_points[120-\u062f\u0642\u064a\u0642\u062a\u0627\u0646-7-high]" time="29.341" /><testcase classname="backend.tests.backend_test" name="test_p4_duration_snap_points[150-\u062f\u0642\u064a\u0642\u062a\u0627\u0646 \u0648\u0646\u0635\u0641-8-high]" time="28.537" /><testcase classname="backend.tests.backend_test" name="test_p4_duration_snap_points[180-\u062b\u0644\u0627\u062b \u062f\u0642\u0627\u0626\u0642-9-high]" time="25.370" /><testcase classname="backend.tests.backend_test" name="test_p4_duration_snap_nearest" time="32.429" /><testcase classname="backend.tests.backend_test" name="test_p4_initial_batch_and_counters" time="59.655" /><testcase classname="backend.tests.backend_test" name="test_p4_scenarios_have_batch_and_why_fits" time="0.045" /><testcase classname="backend.tests.backend_test" name="test_p4_list_scenarios_returns_only_current_batch" time="152.801" /><testcase classname="backend.tests.backend_test" name="test_p4_regenerate_limit_429" time="274.924" /><testcase classname="backend.tests.backend_test" name="test_p4_old_batch_selection_blocked" time="92.539" /><testcase classname="backend.tests.backend_test" name="test_p4_regenerate_preserves_old_batches_for_admin" time="155.086" /><testcase classname="backend.tests.backend_test" name="test_p4_admin_regenerate_bypasses_limit" time="299.884" /><testcase classname="backend.tests.backend_test" name="test_p4_user_cannot_see_archived_scenarios_in_list" time="174.813" /></testsuite></testsuites>