<?xml version="1.0" encoding="utf-8"?><testsuites name="pytest tests"><testsuite name="pytest" errors="0" failures="0" skipped="0" tests="9" time="68.449" timestamp="2026-04-21T17:26:16.598117+00:00" hostname="agent-env-a70c6e8c-b2f4-4b3b-b992-5fdaedcd280f"><testcase classname="tests.test_stabilization" name="test_order_detail_no_internal_keys" time="0.512" /><testcase classname="tests.test_stabilization" name="test_production_summary_shape_and_progress" time="0.150" /><testcase classname="tests.test_stabilization" name="test_scenarios_allow_list" time="0.117" /><testcase classname="tests.test_stabilization" name="test_media_status_unified_progress" time="0.121" /><testcase classname="tests.test_stabilization" name="test_delivery_payload" time="0.105" /><testcase classname="tests.test_stabilization" name="test_retry_delivery_endpoint_exists" time="0.163" /><testcase classname="tests.test_stabilization" name="test_retry_delivery_requires_auth" time="0.136" /><testcase classname="tests.test_stabilization" name="test_admin_delivery_regenerate_produces_video" time="66.142" /><testcase classname="tests.test_stabilization" name="test_pdf_uses_amiri_and_arabic_shaping" time="0.917" /></testsuite></testsuites>