<?xml version="1.0" encoding="utf-8"?><testsuites name="pytest tests"><testsuite name="pytest" errors="0" failures="0" skipped="0" tests="17" time="2.421" timestamp="2026-04-21T23:31:35.830076+00:00" hostname="agent-env-a70c6e8c-b2f4-4b3b-b992-5fdaedcd280f"><testcase classname="backend.tests.test_storyboard.TestSchema" name="test_top_level_keys" time="0.686" /><testcase classname="backend.tests.test_storyboard.TestSchema" name="test_eight_stages_in_order" time="0.000" /><testcase classname="backend.tests.test_storyboard.TestSchema" name="test_each_stage_has_required_fields" time="0.000" /><testcase classname="backend.tests.test_storyboard.TestSchema" name="test_timeline_aligned" time="0.000" /><testcase classname="backend.tests.test_storyboard.TestSchema" name="test_meta_estimate_flag" time="0.000" /><testcase classname="backend.tests.test_storyboard.TestAuth" name="test_no_token_unauthorized" time="0.139" /><testcase classname="backend.tests.test_storyboard.TestAuth" name="test_unknown_order_404" time="0.137" /><testcase classname="backend.tests.test_storyboard.TestChildCharacter" name="test_disabled_stage_status_skipped_not_hidden" time="0.299" /><testcase classname="backend.tests.test_storyboard.TestChildCharacter" name="test_mock_mode_surfaced_when_asset_mock_true" time="0.156" /><testcase classname="backend.tests.test_storyboard.TestDelivered" name="test_scene_grid_per_scene_fields" time="0.000" /><testcase classname="backend.tests.test_storyboard.TestDelivered" name="test_video_assembly_completed" time="0.000" /><testcase classname="backend.tests.test_storyboard.TestDelivered" name="test_pdf_assembly_completed" time="0.000" /><testcase classname="backend.tests.test_storyboard.TestPromptHash" name="test_format_and_value_correctness" time="0.000" /><testcase classname="backend.tests.test_storyboard.TestRegression" name="test_admin_get_order_works" time="0.135" /><testcase classname="backend.tests.test_storyboard.TestRegression" name="test_pipeline_config_get" time="0.191" /><testcase classname="backend.tests.test_storyboard.TestRegression" name="test_child_character_get_unchanged" time="0.216" /><testcase classname="backend.tests.test_storyboard.TestFallback" name="test_production_planning_fallback_propagated" time="0.394" /></testsuite></testsuites>